19:53:01,867  INFO IQDisplayController:175 - qti audit logging: hreq=http://debian-openolat/openolat-lms-8.4-SNAPSHOT/auth/1%3A9%3A1000033705%3A1%3A0%3Acid%3Asitse%3Ae%3Aqticomp%21pc%21pc%21col3%21cont%21pc%21pc%21modalpanel%21pc%21pc%21pc%21content%21pc%21pc%21pc%21olat\
ContentPanel%21pc%21/, params=|dummy?QTIEDIT:MCQ:1000004361?xx?xx=|qti?QTIEDIT:MCQ:1000004361?1000004363?1000004567=1000004567|e=qticomp!pc!pc!col3!cont!pc!pc!modalpanel!pc!pc!pc!content!pc!pc!pc!olatContentPanel!pc!|cid=sitse|qti?QTIEDIT:MCQ:1000004361?1000004363?100000\
4564=1000004564|olat_fosm=Save answer
19:53:01,884  INFO IQDisplayController:175 - qti audit logging: hreq=http://debian-openolat/openolat-lms-8.4-SNAPSHOT/auth/1%3A7%3A1000037513%3A1%3A0%3Acid%3Asitse%3Ae%3Aqticomp%21pc%21pc%21col3%21cont%21pc%21pc%21modalpanel%21pc%21pc%21pc%21content%21pc%21pc%21pc%21olat\
ContentPanel%21pc%21/, params=|dummy?QTIEDIT:MCQ:1000004048?xx?xx=|qti?QTIEDIT:MCQ:1000004048?1000004050?1000004224=1000004224|e=qticomp!pc!pc!col3!cont!pc!pc!modalpanel!pc!pc!pc!content!pc!pc!pc!olatContentPanel!pc!|cid=sitse|olat_fosm=Save answer
19:53:02,243  WARN ExceptionWindowController:175 - OLAT::WARN ^%^ N1-W14 ^%^ org.olat.core.gui.exception ^%^ jmeter_2_82a238e5-1608-4 ^%^ 192.168.1.180 ^%^ n/a ^%^ Apache-HttpClient/4.2.3 (java 1.5) ^%^ ExceptionWindowController<init>: Throwable occurred, logging the ful\
l stacktrace: ^%^ >>>stack of 1.cause::org.olat.core.logging.AssertException: ClusterSyncer: nested doInSync is not allowed ->  at org.olat.commons.coordinate.cluster.ClusterSyncer$ThreadLocalClusterSyncer.incrementAndCheckNestedLevelCounter(ClusterSyncer.java:199) at or\
g.olat.commons.coordinate.cluster.ClusterSyncer.doInSync(ClusterSyncer.java:88) at org.olat.course.CourseFactory.loadCourse(CourseFactory.java:274) at org.olat.course.CourseFactory.loadCourse(CourseFactory.java:306) at org.olat.course.assessment.NewCachePersistingAssessm\
entManager.loadPropertiesFor(NewCachePersistingAssessmentManager.java:160) at org.olat.course.assessment.NewCachePersistingAssessmentManager.getOrLoadScorePassedAttemptsMap(NewCachePersistingAssessmentManager.java:247) at org.olat.course.assessment.NewCachePersistingAsse\
ssmentManager.putPropertyIntoCache(NewCachePersistingAssessmentManager.java:290) at org.olat.course.assessment.NewCachePersistingAssessmentManager.saveNodePassed(NewCachePersistingAssessmentManager.java:460) at org.olat.course.assessment.NewCachePersistingAssessmentManag\
er$5.execute(NewCachePersistingAssessmentManager.java:851) at org.olat.course.assessment.NewCachePersistingAssessmentManager$5.execute(NewCachePersistingAssessmentManager.java:845) at org.olat.commons.coordinate.cluster.ClusterSyncer.doInSync(ClusterSyncer.java:98)>>>sta\
ck of 2.cause::java.lang.Exception: assertionstackgenerator ->  at org.olat.core.logging.AssertException.<init>(AssertException.java:51) at org.olat.commons.coordinate.cluster.ClusterSyncer$ThreadLocalClusterSyncer.incrementAndCheckNestedLevelCounter(ClusterSyncer.java:1\
99) at org.olat.commons.coordinate.cluster.ClusterSyncer.doInSync(ClusterSyncer.java:88) at org.olat.course.CourseFactory.loadCourse(CourseFactory.java:274) at org.olat.course.CourseFactory.loadCourse(CourseFactory.java:306) at org.olat.course.assessment.NewCachePersisti\
ngAssessmentManager.loadPropertiesFor(NewCachePersistingAssessmentManager.java:160) at org.olat.course.assessment.NewCachePersistingAssessmentManager.getOrLoadScorePassedAttemptsMap(NewCachePersistingAssessmentManager.java:247) at org.olat.course.assessment.NewCachePersi\
stingAssessmentManager.putPropertyIntoCache(NewCachePersistingAssessmentManager.java:290) at org.olat.course.assessment.NewCachePersistingAssessmentManager.saveNodePassed(NewCachePersistingAssessmentManager.java:460) at org.olat.course.assessment.NewCachePersistingAssess\
mentManager$5.execute(NewCachePersistingAssessmentManager.java:851) at org.olat.course.assessment.NewCachePersistingAssessmentManager$5.execute(NewCachePersistingAssessmentManager.java:845)
19:53:02,309  INFO IQDisplayController:175 - qti audit logging: hreq=http://debian-openolat/openolat-lms-8.4-SNAPSHOT/auth/1%3A5%3A1000038852%3A1%3A0%3Acid%3Asitse%3Ae%3Aqticomp%21pc%21pc%21col3%21cont%21pc%21pc%21modalpanel%21pc%21pc%21pc%21content%21pc%21pc%21pc%21olat\
ContentPanel%21pc%21/, params=|qti?QTIEDIT:KPRIM:1000003558?1000003560?1000003572=1000003572:wrong|e=qticomp!pc!pc!col3!cont!pc!pc!modalpanel!pc!pc!pc!content!pc!pc!pc!olatContentPanel!pc!|qti?QTIEDIT:KPRIM:1000003558?1000003560?1000003569=1000003569:wrong|qti?QTIEDIT:KP\
RIM:1000003558?1000003560?1000003566=1000003566:correct|qti?QTIEDIT:KPRIM:1000003558?1000003560?1000003563=1000003563:wrong|cid=sitse|olat_fosm=Save answer
19:53:02,577  INFO IQDisplayController:175 - qti audit logging: hreq=http://debian-openolat/openolat-lms-8.4-SNAPSHOT/auth/1%3A7%3A1000037005%3A1%3A0%3Acid%3Asitse%3Ae%3Aqticomp%21pc%21pc%21col3%21cont%21pc%21pc%21modalpanel%21pc%21pc%21pc%21content%21pc%21pc%21pc%21olat\
ContentPanel%21pc%21/, params=|dummy?QTIEDIT:MCQ:1000004048?xx?xx=|e=qticomp!pc!pc!col3!cont!pc!pc!modalpanel!pc!pc!pc!content!pc!pc!pc!olatContentPanel!pc!|qti?QTIEDIT:MCQ:1000004048?1000004050?1000004227=1000004227|cid=sitse|olat_fosm=Save answer
19:53:02,598 ERROR AssertException:175 - OLAT::ERROR ^%^ N1-E2 ^%^ org.olat.core.logging ^%^ jmeter_2_82a238e5-1608-4 ^%^ 192.168.1.180 ^%^ n/a ^%^ Apache-HttpClient/4.2.3 (java 1.5) ^%^ **RedScreen** ClusterSyncer: nested doInSync is not allowed ::_::<dispatchinfo>     \
 <componentinfo>         <compname>olatmodiqrun</compname>               <compclass>org.olat.core.gui.components.velocity.VelocityContainer</compclass>          <extendedinfo>page:org/olat/modules/iq/_content/qti.html </extendedinfo>                <event>               \
  <class>org.olat.core.gui.control.Event</class>                  <command>sas</command>                  <tostring>com:sas,org.olat.core.gui.control.Event@1bc04</tostring>              </event>        </componentinfo>        <controllerinfo>                <controllerna\
me>org.olat.modules.iq.IQDisplayController</controllername>                <controllername>org.olat.course.nodes.iq.IQRunController</controllername>               <controllername>org.olat.course.run.RunMainController</controllername>          <controllername>org.olat.cor\
e.commons.fullWebApp.BaseFullWebappController</controllername>              <controllername>org.olat.core.commons.chiefcontrollers.controller.simple.SimpleBaseController</controllername>          <controllername>org.olat.core.commons.chiefcontrollers.BaseChiefController<\
/controllername>     </controllerinfo></dispatchinfo> ::_:: ^%^ >>>stack of 1.cause::org.olat.core.logging.AssertException: ClusterSyncer: nested doInSync is not allowed ->  at org.olat.commons.coordinate.cluster.ClusterSyncer$ThreadLocalClusterSyncer.incrementAndCheckNe\
stedLevelCounter(ClusterSyncer.java:199) at org.olat.commons.coordinate.cluster.ClusterSyncer.doInSync(ClusterSyncer.java:88) at org.olat.course.CourseFactory.loadCourse(CourseFactory.java:274) at org.olat.course.CourseFactory.loadCourse(CourseFactory.java:306) at org.ol\
at.course.assessment.NewCachePersistingAssessmentManager.loadPropertiesFor(NewCachePersistingAssessmentManager.java:160) at org.olat.course.assessment.NewCachePersistingAssessmentManager.getOrLoadScorePassedAttemptsMap(NewCachePersistingAssessmentManager.java:247) at org\
.olat.course.assessment.NewCachePersistingAssessmentManager.putPropertyIntoCache(NewCachePersistingAssessmentManager.java:290) at org.olat.course.assessment.NewCachePersistingAssessmentManager.saveNodePassed(NewCachePersistingAssessmentManager.java:460) at org.olat.cours\
e.assessment.NewCachePersistingAssessmentManager$5.execute(NewCachePersistingAssessmentManager.java:851) at org.olat.course.assessment.NewCachePersistingAssessmentManager$5.execute(NewCachePersistingAssessmentManager.java:845) at org.olat.commons.coordinate.cluster.Clust\
erSyncer.doInSync(ClusterSyncer.java:98)>>>stack of 2.cause::java.lang.Exception: assertionstackgenerator ->  at org.olat.core.logging.AssertException.<init>(AssertException.java:51) at org.olat.commons.coordinate.cluster.ClusterSyncer$ThreadLocalClusterSyncer.incrementA\
ndCheckNestedLevelCounter(ClusterSyncer.java:199) at org.olat.commons.coordinate.cluster.ClusterSyncer.doInSync(ClusterSyncer.java:88) at org.olat.course.CourseFactory.loadCourse(CourseFactory.java:274) at org.olat.course.CourseFactory.loadCourse(CourseFactory.java:306) \
at org.olat.course.assessment.NewCachePersistingAssessmentManager.loadPropertiesFor(NewCachePersistingAssessmentManager.java:160) at org.olat.course.assessment.NewCachePersistingAssessmentManager.getOrLoadScorePassedAttemptsMap(NewCachePersistingAssessmentManager.java:24\
7) at org.olat.course.assessment.NewCachePersistingAssessmentManager.putPropertyIntoCache(NewCachePersistingAssessmentManager.java:290) at org.olat.course.assessment.NewCachePersistingAssessmentManager.saveNodePassed(NewCachePersistingAssessmentManager.java:460) at org.o\
lat.course.assessment.NewCachePersistingAssessmentManager$5.execute(NewCachePersistingAssessmentManager.java:851) at org.olat.course.assessment.NewCachePersistingAssessmentManager$5.execute(NewCachePersistingAssessmentManager.java:845)
19:53:02,690  INFO IQDisplayController:175 - qti audit logging: hreq=http://debian-openolat/openolat-lms-8.4-SNAPSHOT/auth/1%3A7%3A1000038285%3A1%3A0%3Acid%3Asitse%3Ae%3Aqticomp%21pc%21pc%21col3%21cont%21pc%21pc%21modalpanel%21pc%21pc%21pc%21content%21pc%21pc%21pc%21olat\
ContentPanel%21pc%21/, params=|qti?QTIEDIT:MCQ:1000004048?1000004050?1000004053=1000004053|dummy?QTIEDIT:MCQ:1000004048?xx?xx=|e=qticomp!pc!pc!col3!cont!pc!pc!modalpanel!pc!pc!pc!content!pc!pc!pc!olatContentPanel!pc!|cid=sitse|qti?QTIEDIT:MCQ:1000004048?1000004050?100000\
4227=1000004227|olat_fosm=Save answer
19:53:02,705  INFO IQDisplayController:175 - qti audit logging: hreq=http://debian-openolat/openolat-lms-8.4-SNAPSHOT/auth/1%3A25%3A1000020284%3A1%3A0%3Acid%3Asitse%3Ae%3Aqticomp%21pc%21pc%21col3%21cont%21pc%21pc%21modalpanel%21pc%21pc%21pc%21content%21pc%21pc%21pc%21ola\
tContentPanel%21pc%21/, params=|dummy?QTIEDIT:SCQ:1000006557?xx?xx=|e=qticomp!pc!pc!col3!cont!pc!pc!modalpanel!pc!pc!pc!content!pc!pc!pc!olatContentPanel!pc!|qti?QTIEDIT:SCQ:1000006557?1000006559?choice=1000006562|cid=sitse|olat_fosm=Save answer
19:53:02,747  INFO IQDisplayController:175 - qti audit logging: hreq=http://debian-openolat/openolat-lms-8.4-SNAPSHOT/auth/1%3A14%3A1000027525%3A1%3A0%3Acid%3Agit%3Ae%3Aqticomp%21pc%21pc%21col3%21cont%21pc%21pc%21modalpanel%21pc%21pc%21pc%21content%21pc%21pc%21pc%21olatC\
ontentPanel%21pc%21/, params=|seid=1|itid=1|e=qticomp!pc!pc!col3!cont!pc!pc!modalpanel!pc!pc!pc!content!pc!pc!pc!olatContentPanel!pc!|cid=git
19:53:02,820  INFO IQDisplayController:175 - qti audit logging: hreq=http://debian-openolat/openolat-lms-8.4-SNAPSHOT/auth/1%3A11%3A1000030616%3A1%3A0%3Acid%3Asitse%3Ae%3Aqticomp%21pc%21pc%21col3%21cont%21pc%21pc%21modalpanel%21pc%21pc%21pc%21content%21pc%21pc%21pc%21ola\
tContentPanel%21pc%21/, params=|qti?QTIEDIT:SCQ:1000004640?1000004642?choice=1000004645|dummy?QTIEDIT:SCQ:1000004640?xx?xx=|e=qticomp!pc!pc!col3!cont!pc!pc!modalpanel!pc!pc!pc!content!pc!pc!pc!olatContentPanel!pc!|cid=sitse|olat_fosm=Save answer
19:53:02,830  INFO IQDisplayController:175 - qti audit logging: hreq=http://debian-openolat/openolat-lms-8.4-SNAPSHOT/auth/1%3A27%3A1000011932%3A1%3A0%3Acid%3Asitse%3Ae%3Aqticomp%21pc%21pc%21col3%21cont%21pc%21pc%21modalpanel%21pc%21pc%21pc%21content%21pc%21pc%21pc%21ola\
tContentPanel%21pc%21/, params=|qti?QTIEDIT:FIB:1000007192?1000007327?1000007327=6924.0|e=qticomp!pc!pc!col3!cont!pc!pc!modalpanel!pc!pc!pc!content!pc!pc!pc!olatContentPanel!pc!|cid=sitse|olat_fosm=Save answer
19:53:02,973  INFO IQDisplayController:175 - qti audit logging: hreq=http://debian-openolat/openolat-lms-8.4-SNAPSHOT/auth/1%3A10%3A1000030285%3A1%3A0%3Acid%3Agit%3Ae%3Aqticomp%21pc%21pc%21col3%21cont%21pc%21pc%21modalpanel%21pc%21pc%21pc%21content%21pc%21pc%21pc%21olatC\
ontentPanel%21pc%21/, params=|seid=0|itid=4|e=qticomp!pc!pc!col3!cont!pc!pc!modalpanel!pc!pc!pc!content!pc!pc!pc!olatContentPanel!pc!|cid=git
19:53:03,049  INFO IQDisplayController:175 - qti audit logging: hreq=http://debian-openolat/openolat-lms-8.4-SNAPSHOT/auth/1%3A26%3A1000017297%3A1%3A0%3Acid%3Agit%3Ae%3Aqticomp%21pc%21pc%21col3%21cont%21pc%21pc%21modalpanel%21pc%21pc%21pc%21content%21pc%21pc%21pc%21olatC\
ontentPanel%21pc%21/, params=|seid=3|itid=1|e=qticomp!pc!pc!col3!cont!pc!pc!modalpanel!pc!pc!pc!content!pc!pc!pc!olatContentPanel!pc!|cid=git
